C51 COMPILER V9.54   MAIN                                                                  04/08/2024 20:54:36 PAGE 1   


C51 COMPILER V9.54, COMPILATION OF MODULE MAIN
OBJECT MODULE PLACED IN .\Objects\main.obj
COMPILER INVOKED BY: D:\KEIL5\C51\BIN\C51.EXE main.c OPTIMIZE(8,SPEED) BROWSE DEBUG OBJECTEXTEND PRINT(.\Listings\main.l
                    -st) TABS(2) OBJECT(.\Objects\main.obj)

line level    source

   1          #include "reg52.h"//引入头文2件
   2              typedef  unsigned int u16;//将函数名称简洁
   3              typedef  unsigned  char u8;//将函数名称简洁
   4             
   5          
   6          sbit KEY3=P3^2;
   7          sbit LED1=P2^0;
   8          
   9          
  10          void uart_init(u8 baud)//串口初始化
  11          {
  12   1        TMOD|=0x20;//设置为计数器工作方式
  13   1        SCON=0x50;//设置为工作方式1
  14   1        PCON=0x80;//波特率加倍
  15   1        TH1=baud;//计数器初始值设置
  16   1        TL1=baud;
  17   1        ES=1;//打开接受中断
  18   1        EA=1;//打开总中断
  19   1        TR1=1;//打开计数器
  20   1      
  21   1      
  22   1      
  23   1      
  24   1      }
  25          
  26          
  27          
  28          
  29          
  30          void delay_ms(u16 ms)
  31          {
  32   1        u16 i,j;
  33   1        for(i=ms;i>0;i--)
  34   1          for(j=110;j>0;j--);
  35   1      
  36   1      }
  37          
  38          //void time0_inte(void)
  39          //{
  40          //  TMOD|=0x01;
  41          //  TH0=0xFC;
  42          //  ET0=1;
  43          //  EA=1;
  44          //  TR0=1;
  45          //  
  46          
  47          
  48          
  49          
  50          //}
  51          //     
  52          //     
  53               
  54          
C51 COMPILER V9.54   MAIN                                                                  04/08/2024 20:54:36 PAGE 2   

  55          
  56          
  57          
  58          void main()//关于c的函数
  59          {
  60   1      //time0_inte();
  61   1        uart_init(0XFA);
  62   1      while(1)
  63   1      {
  64   2        
  65   2      
  66   2        
  67   2      }
  68   1         
  69   1      
  70   1      }
  71          
  72          void uart() interrupt 4
  73          {
  74   1      u8 rec_date=0;
  75   1        RI=0;
  76   1        rec_date=SBUF;
  77   1        SBUF=rec_date;
  78   1        while(!TI);
  79   1      
  80   1      TI=0;
  81   1      
  82   1      }
  83          
  84          
  85          
  86          
  87          
  88          
  89          
  90          
  91          
  92          
  93          
  94          
  95          
  96          
  97          
  98          
  99          
 100          
 101          
 102          
 103          
 104          
 105          
 106          
 107          
 108          
 109          
 110          //  void time() interrupt 1//中断
 111          
 112          //{static u16 i=0;
 113          
 114          //  
 115          //  
 116          //  
C51 COMPILER V9.54   MAIN                                                                  04/08/2024 20:54:36 PAGE 3   

 117          //  
 118          //TMOD|=0x01;
 119          //  TH0=0xFC;
 120          
 121          //i++;
 122          //if(i==1000)//定时一秒钟
 123          //{
 124          //i=0;
 125          //  LED1=!LED1;
 126          
 127          
 128          
 129          //}
 130          
 131          
 132          //}
 133          
 134          
 135          
 136          
 137          
 138          
 139          
 140          
 141          
 142          
 143          


MODULE INFORMATION:   STATIC OVERLAYABLE
   CODE SIZE        =     84    ----
   CONSTANT SIZE    =   ----    ----
   XDATA SIZE       =   ----    ----
   PDATA SIZE       =   ----    ----
   DATA SIZE        =   ----    ----
   IDATA SIZE       =   ----    ----
   BIT SIZE         =   ----    ----
END OF MODULE INFORMATION.


C51 COMPILATION COMPLETE.  0 WARNING(S),  0 ERROR(S)
