C51 COMPILER V9.54   MAIN                                                                  03/04/2024 19:36:06 PAGE 1   


C51 COMPILER V9.54, COMPILATION OF MODULE MAIN
OBJECT MODULE PLACED IN .\Objects\main.obj
COMPILER INVOKED BY: D:\KEIL5\C51\BIN\C51.EXE main.c OPTIMIZE(8,SPEED) BROWSE DEBUG OBJECTEXTEND PRINT(.\Listings\main.l
                    -st) TABS(2) OBJECT(.\Objects\main.obj)

line level    source

   1          #include "reg52.h"//引入头文2件
   2              typedef  unsigned int u16;//将函数名称简洁
   3              typedef  unsigned  char u8;//将函数名称简洁
   4             
   5              sbit IN1_A=P1^0;//步进电机默认方向，将以下串口倒置即转换方向
   6              sbit IN2_B=P1^1;
   7              sbit IN3_C=P1^2;
   8              sbit IN4_D=P1^3;
   9              
  10              sbit KEY1=P3^1;
  11              sbit KEY2=P3^0;
  12              sbit KEY3=P3^2;
  13              sbit KEY4=P3^3;
  14              
  15          #define KEY1_PRESS 1    
  16          #define KEY2_PRESS 2    
  17          #define KEY3_PRESS 3  
  18          #define KEY4_PRESS  4
  19          #define KEY_UNPRESS 0   
  20          
  21           #define STEPMOTOR_MAXSPEED 1000
  22          #define STEPMOTOR_MINSPEED 2000
  23          
  24          
  25          
  26          
  27          
  28          
  29          
  30          
  31          
  32          void delay_ms(u16 ms)
  33          {
  34   1        u16 i,j;
  35   1        for(i=ms;i>0;i--)
  36   1          for(j=110;j>0;j--);
  37   1      
  38   1      }
  39          
  40          void step_motor_28BYJ48_send_pulse(u8 step,u8 dir)
  41          {u8 temp=step;
  42   1        
  43   1        if(dir==0)
  44   1        temp=7-step;
  45   1      switch(temp)
  46   1      {
  47   2          case 0: IN1_A=1;IN2_B=0;IN3_C=0;IN4_D=0;break;
  48   2          case 1: IN1_A=1;IN2_B=1;IN3_C=0;IN4_D=0;break;
  49   2          case 2: IN1_A=0;IN2_B=1;IN3_C=0;IN4_D=0;break;
  50   2          case 3: IN1_A=0;IN2_B=1;IN3_C=1;IN4_D=0;break;
  51   2          case 4: IN1_A=0;IN2_B=0;IN3_C=1;IN4_D=0;break;
  52   2          case 5: IN1_A=0;IN2_B=0;IN3_C=1;IN4_D=1;break;
  53   2          case 6: IN1_A=0;IN2_B=0;IN3_C=0;IN4_D=1;break;
  54   2          case 7: IN1_A=1;IN2_B=0;IN3_C=0;IN4_D=1;break;
C51 COMPILER V9.54   MAIN                                                                  03/04/2024 19:36:06 PAGE 2   

  55   2          default: IN1_A=0;IN2_B=0;IN3_C=0;IN4_D=0;break;
  56   2        
  57   2      }
  58   1      
  59   1      } 
  60          
  61              
  62          void delay_10us(u16 ten_us)//引入延时函数
  63               
  64               {
  65   1             while(ten_us--);
  66   1           }
  67               
  68          u8   key_scan(u8 mode)   
  69            {
  70   1          static u8 key =1;
  71   1        if(mode) key=1;
  72   1          
  73   1          
  74   1          
  75   1          
  76   1          if(key==1&&(  KEY1==0||KEY2==0||KEY3==0||KEY4==0))
  77   1          {
  78   2            delay_10us(10000);//消抖处理
  79   2            key=0;
  80   2            
  81   2            if (KEY1==0)
  82   2            return KEY1_PRESS ;
  83   2            
  84   2            else if (KEY2==0)
  85   2            return KEY2_PRESS ;
  86   2            
  87   2            else if (KEY3==0)
  88   2            return KEY3_PRESS ;
  89   2            
  90   2            
  91   2            else if (KEY4==0)
  92   2            return KEY4_PRESS ;
  93   2            
  94   2            
  95   2          }
  96   1          
  97   1          else if (KEY1==0&&KEY2==0&&KEY3==0&&KEY4==0)
  98   1            
  99   1          {
 100   2            key=1;
 101   2          
 102   2      
 103   2          }
 104   1          
 105   1              return KEY_UNPRESS;
 106   1          
 107   1        }
 108             
 109             
 110          
 111          
 112          
 113          
 114          void main()//关于c的函数
 115          {
 116   1      
C51 COMPILER V9.54   MAIN                                                                  03/04/2024 19:36:06 PAGE 3   

 117   1        u8 key=0;
 118   1        u8 dir=0;
 119   1        u8 step=0;
 120   1        u8 speed=STEPMOTOR_MAXSPEED ;
 121   1        
 122   1        
 123   1      while(1)
 124   1      {
 125   2       key=key_scan(0);
 126   2        if(key==KEY1_PRESS)
 127   2               dir=!dir;
 128   2        else if(key==KEY2_PRESS)
 129   2        {
 130   3                if(speed>STEPMOTOR_MAXSPEED )
 131   3                    speed-=100;
 132   3        
 133   3        }
 134   2        
 135   2        else if(key==KEY3_PRESS)
 136   2        {
 137   3                if(speed<STEPMOTOR_MINSPEED )
 138   3                    speed+=100;
 139   3              step_motor_28BYJ48_send_pulse(step++,dir) ;
 140   3              if(step==8)step=0;  
 141   3                delay_ms(speed);
 142   3        
 143   3        }
 144   2        
 145   2        
 146   2        
 147   2        
 148   2        
 149   2        
 150   2        
 151   2        
 152   2      }
 153   1         }
 154             
 155          
 156            


MODULE INFORMATION:   STATIC OVERLAYABLE
   CODE SIZE        =    313    ----
   CONSTANT SIZE    =   ----    ----
   XDATA SIZE       =   ----    ----
   PDATA SIZE       =   ----    ----
   DATA SIZE        =      1       1
   IDATA SIZE       =   ----    ----
   BIT SIZE         =   ----    ----
END OF MODULE INFORMATION.


C51 COMPILATION COMPLETE.  0 WARNING(S),  0 ERROR(S)
