C51 COMPILER V9.54   MAIN                                                                  01/21/2024 21:45:27 PAGE 1   


C51 COMPILER V9.54, COMPILATION OF MODULE MAIN
OBJECT MODULE PLACED IN .\Objects\main.obj
COMPILER INVOKED BY: D:\KEIL5\C51\BIN\C51.EXE main.c OPTIMIZE(8,SPEED) BROWSE DEBUG OBJECTEXTEND PRINT(.\Listings\main.l
                    -st) TABS(2) OBJECT(.\Objects\main.obj)

line level    source

   1          #include "reg52.h"//ÂºïÂÖ•Â§¥Êñá‰ª∂
   2             typedef  unsigned int u16;//Â∞ÜÂáΩÊï∞ÂêçÁß∞ÁÆÄÊ¥Å
   3            
   4          typedef  unsigned  char u8;//Â∞ÜÂáΩÊï∞ÂêçÁß∞ÁÆÄÊ¥Å
   5          sbit SEEP=P2^5;
   6             
   7             void delay_10us(u16 ten_us)//ÂΩì‰º†ÂÖ•ten_us=1Êó∂ÔºåÂ§ßÊ¶ÇÂª∂Êó∂10us
   8             {
   9   1         
  10   1           while(ten_us--);
  11   1           
  12   1           
  13   1           
  14   1           
  15   1           
  16   1         }
  17             
  18             
  19          
  20          
  21          
  22          void main()//ÂÖ≥‰∫écÁöÑÂáΩÊï∞
  23          {
  24   1      
  25   1        u16 i=2000;
  26   1        
  27   1        
  28   1        
  29   1        
  30   1        
  31   1        
  32   1        while(1)//Âæ™ÁéØ
  33   1        
  34   1        {
  35   2          while(i--)//i=2000,i=1999‚Ä¶‚Ä¶‚Ä¶i=0
  36   2          {
  37   3          
  38   3          
  39   3        SEEP=!SEEP;
  40   3        delay_10us(100);
  41   3      //    SEEP=1;
  42   3      //  delay_10us(1000);
  43   3      //      SEEP=0;
  44   3      //  delay_10us(1000);
  45   3          
  46   3          
  47   3          
  48   3         }
  49   2           i=0;
  50   2         SEEP=1;//Ê≠§Êó∂ËúÇÈ∏£Âô®ËæìÂÖ•È´òÁîµÂπ≥ÔºåÁî±‰∫éÊ≤°Êúâ‰∏ÄÊÆµÁîµÂ≠ê‰ø°Âè∑ËÑâÂÜ≤ÔºåËúÇÈ∏£Âô®‰∏ç‰ºöÂèëÂá∫Â£
             -∞Èü≥
  51   2          
  52   2          
  53   2        }
C51 COMPILER V9.54   MAIN                                                                  01/21/2024 21:45:27 PAGE 2   

  54   1      }


MODULE INFORMATION:   STATIC OVERLAYABLE
   CODE SIZE        =     43    ----
   CONSTANT SIZE    =   ----    ----
   XDATA SIZE       =   ----    ----
   PDATA SIZE       =   ----    ----
   DATA SIZE        =   ----    ----
   IDATA SIZE       =   ----    ----
   BIT SIZE         =   ----    ----
END OF MODULE INFORMATION.


C51 COMPILATION COMPLETE.  0 WARNING(S),  0 ERROR(S)
