C51 COMPILER V9.54   MAIN                                                                  01/19/2024 23:16:29 PAGE 1   


C51 COMPILER V9.54, COMPILATION OF MODULE MAIN
OBJECT MODULE PLACED IN .\Objects\main.obj
COMPILER INVOKED BY: D:\KEIL5\C51\BIN\C51.EXE main.c OPTIMIZE(8,SPEED) BROWSE DEBUG OBJECTEXTEND PRINT(.\Listings\main.l
                    -st) TABS(2) OBJECT(.\Objects\main.obj)

line level    source

   1          #include "reg52.h"//引入头文件
   2          typedef  unsigned  char u8;//将函数名称简洁
   3             typedef  unsigned int u16;//将函数名称简洁
   4             
   5            #define LED_PORT    P2//使用宏定义将p2口定义
   6             
   7             void delay_10us(u16 ten_us)//当传入ten_us=1时，大概延时10us
   8             {
   9   1         
  10   1           while(ten_us--);
  11   1           
  12   1           
  13   1           
  14   1           
  15   1           
  16   1         }
  17             
  18             
  19          
  20          
  21          
  22          void main()
  23          {
  24   1       u8  i=0;
  25   1      
  26   1        
  27   1        while(1)
  28   1        
  29   1        {
  30   2        for(i=0;i<8;i++)
  31   2         {
  32   3         LED_PORT=~(0x01<<i);
  33   3         delay_10us(50000);
  34   3         
  35   3         
  36   3         
  37   3         
  38   3         }
  39   2           
  40   2          
  41   2          
  42   2          
  43   2          
  44   2          
  45   2        }
  46   1      } 


MODULE INFORMATION:   STATIC OVERLAYABLE
   CODE SIZE        =     40    ----
   CONSTANT SIZE    =   ----    ----
   XDATA SIZE       =   ----    ----
   PDATA SIZE       =   ----    ----
   DATA SIZE        =   ----    ----
C51 COMPILER V9.54   MAIN                                                                  01/19/2024 23:16:29 PAGE 2   

   IDATA SIZE       =   ----    ----
   BIT SIZE         =   ----    ----
END OF MODULE INFORMATION.


C51 COMPILATION COMPLETE.  0 WARNING(S),  0 ERROR(S)
