C51 COMPILER V9.54   MAIN                                                                  01/20/2024 22:44:34 PAGE 1   


C51 COMPILER V9.54, COMPILATION OF MODULE MAIN
OBJECT MODULE PLACED IN .\Objects\main.obj
COMPILER INVOKED BY: D:\KEIL5\C51\BIN\C51.EXE main.c OPTIMIZE(8,SPEED) BROWSE DEBUG OBJECTEXTEND PRINT(.\Listings\main.l
                    -st) TABS(2) OBJECT(.\Objects\main.obj)

line level    source

   1          #include "reg52.h"//引入头文件
   2          typedef  unsigned  char u8;//将函数名称简洁
   3             typedef  unsigned int u16;//将函数名称简洁
   4             #include "intrins.h"//引入文件
   5            #define LED_PORT    P2//使用宏定义将p2口定义
   6             
   7             void delay_10us(u16 ten_us)//当传入ten_us=1时，大概延时10us
   8             {
   9   1         
  10   1           while(ten_us--);
  11   1           
  12   1           
  13   1           
  14   1           
  15   1           
  16   1         }
  17             
  18             
  19          
  20          
  21          
  22          void main()
  23          {
  24   1       u8  i=0;
  25   1      LED_PORT =~(0x01);
  26   1        
  27   1        
  28   1        
  29   1        
  30   1        
  31   1        
  32   1        
  33   1        while(1)
  34   1        
  35   1        {
  36   2        for(i=0;i<7;i++)
  37   2         {
  38   3         
  39   3         LED_PORT=_crol_(LED_PORT,1);
  40   3         delay_10us(50000);
  41   3         
  42   3          
  43   3        
  44   3         }
  45   2           
  46   2          
  47   2          for(i=0;i<7;i++)
  48   2         {
  49   3         
  50   3         LED_PORT=_cror_(LED_PORT,1);
  51   3         delay_10us(50000);
  52   3         
  53   3          
  54   3        
C51 COMPILER V9.54   MAIN                                                                  01/20/2024 22:44:34 PAGE 2   

  55   3         }
  56   2           
  57   2          
  58   2          
  59   2          
  60   2        }
  61   1      } 


MODULE INFORMATION:   STATIC OVERLAYABLE
   CODE SIZE        =     65    ----
   CONSTANT SIZE    =   ----    ----
   XDATA SIZE       =   ----    ----
   PDATA SIZE       =   ----    ----
   DATA SIZE        =   ----    ----
   IDATA SIZE       =   ----    ----
   BIT SIZE         =   ----    ----
END OF MODULE INFORMATION.


C51 COMPILATION COMPLETE.  0 WARNING(S),  0 ERROR(S)
