C51 COMPILER V9.54   MAIN                                                                  02/16/2024 20:23:31 PAGE 1   


C51 COMPILER V9.54, COMPILATION OF MODULE MAIN
OBJECT MODULE PLACED IN .\Objects\main.obj
COMPILER INVOKED BY: D:\KEIL5\C51\BIN\C51.EXE main.c OPTIMIZE(8,SPEED) BROWSE DEBUG OBJECTEXTEND PRINT(.\Listings\main.l
                    -st) TABS(2) OBJECT(.\Objects\main.obj)

line level    source

   1          #include "reg52.h"//å¼•å…¥å¤´æ–‡2ä»¶
   2             typedef  unsigned int u16;//å°†å‡½æ•°åç§°ç®€æ´
   3             typedef  unsigned  char u8;//å°†å‡½æ•°åç§°ç®€æ´
   4             
   5              sbit SRCLK =P3^6; 
   6              sbit rCLK =P3^5; 
   7              sbit SER =P3^4; 
   8             
   9             
  10             
  11          
  12          
  13            u8 ghc595_buf[8]={0x01,0x02,0x04,0x08,0x10,0x20,0x40,0x80};//LEDç‚¹é˜µä¸€è¡Œè¡Œæ˜¾ç¤º
  14          u8 ghc595_buu[8]={0x80,0x40,0x20,0x10,0x08,0x04,0x02,0x01};
  15          
  16          
  17          void delay_10us(u16 ten_us)//å¼•å…¥å»¶æ—¶å‡½æ•°
  18               
  19               {
  20   1             while(ten_us--);
  21   1           }
  22          void delay_ms(u16 ms)
  23          {
  24   1        u16 i,j;
  25   1      for(i=ms;i>0;i--)
  26   1         for(j=110;j>0;j--);
  27   1      }
  28               
  29               void hc595_write_date(u8 dat1,u8 dat2,u8 dat3, u8 dat4)//ç”¨datè€Œä¸ç”¨dateæ˜¯å› ä¸ºdateå·²ç»è¢«å®šä¹
             -‰ï¼›
  30               {
  31   1             u16 i=0;
  32   1             for(i=0;i<8;i++)
  33   1             {SER=dat4>>7;//è®©datå¯¹åº”çš„1000 0000ç§»ä½æˆ0000 0001 å³ä½¿æœ€ä¸‹é¢çš„ä¸²å£ä¸ºé«˜ç”µå¹³    
  34   2               dat4<<=1;//ä½¿æ¬¡é«˜ä½çš„0å‘å·¦ç§»ä¸€ä½ï¼›å³0000 0001å˜ä¸º0000 0010ä»¥æ­¤ç±»æ¨
  35   2               SRCLK=0;//ç»™ä¸€ä¸ªä¸Šå‡æ²¿
  36   2               delay_10us(1);//æ¶ˆæŠ–
  37   2               SRCLK=1;//ç»™ä¸€ä¸ªä¸Šå‡æ²¿
  38   2               delay_10us(1);//æ¶ˆæŠ–
  39   2             }
  40   1             for(i=0;i<8;i++)
  41   1             {SER=dat3>>7;//è®©datå¯¹åº”çš„1000 0000ç§»ä½æˆ0000 0001 å³ä½¿æœ€ä¸‹é¢çš„ä¸²å£ä¸ºé«˜ç”µå¹³    
  42   2               dat3<<=1;//ä½¿æ¬¡é«˜ä½çš„0å‘å·¦ç§»ä¸€ä½ï¼›å³0000 0001å˜ä¸º0000 0010ä»¥æ­¤ç±»æ¨
  43   2               SRCLK=0;//ç»™ä¸€ä¸ªä¸Šå‡æ²¿
  44   2               delay_10us(1);//æ¶ˆæŠ–
  45   2               SRCLK=1;//ç»™ä¸€ä¸ªä¸Šå‡æ²¿
  46   2               delay_10us(1);//æ¶ˆæŠ–
  47   2             }
  48   1             
  49   1             
  50   1             for(i=0;i<8;i++)
  51   1             {SER=dat2>>7;//è®©datå¯¹åº”çš„1000 0000ç§»ä½æˆ0000 0001 å³ä½¿æœ€ä¸‹é¢çš„ä¸²å£ä¸ºé«˜ç”µå¹³    
  52   2               dat2<<=1;//ä½¿æ¬¡é«˜ä½çš„0å‘å·¦ç§»ä¸€ä½ï¼›å³0000 0001å˜ä¸º0000 0010ä»¥æ­¤ç±»æ¨
  53   2               SRCLK=0;//ç»™ä¸€ä¸ªä¸Šå‡æ²¿
C51 COMPILER V9.54   MAIN                                                                  02/16/2024 20:23:31 PAGE 2   

  54   2               delay_10us(1);//æ¶ˆæŠ–
  55   2               SRCLK=1;//ç»™ä¸€ä¸ªä¸Šå‡æ²¿
  56   2               delay_10us(1);//æ¶ˆæŠ–
  57   2             }
  58   1             
  59   1             
  60   1             for(i=0;i<8;i++)
  61   1             {SER=dat1>>7;//è®©datå¯¹åº”çš„1000 0000ç§»ä½æˆ0000 0001 å³ä½¿æœ€ä¸‹é¢çš„ä¸²å£ä¸ºé«˜ç”µå¹³    
  62   2               dat1<<=1;//ä½¿æ¬¡é«˜ä½çš„0å‘å·¦ç§»ä¸€ä½ï¼›å³0000 0001å˜ä¸º0000 0010ä»¥æ­¤ç±»æ¨
  63   2               SRCLK=0;//ç»™ä¸€ä¸ªä¸Šå‡æ²¿
  64   2               delay_10us(1);//æ¶ˆæŠ–
  65   2               SRCLK=1;//ç»™ä¸€ä¸ªä¸Šå‡æ²¿
  66   2               delay_10us(1);//æ¶ˆæŠ–
  67   2             }
  68   1             
  69   1             
  70   1             
  71   1             rCLK=0;//è¾“å‡º
  72   1             delay_10us(1);
  73   1              rCLK=1;//è¾“å‡º
  74   1           }
  75                 
  76               
  77          
  78          void main()
  79          {
  80   1         u8 i=0;
  81   1      while(1)
  82   1        {
  83   2      
  84   2        for(i=0;i<8;i++)
  85   2      {
  86   3        hc595_write_date(ghc595_buf[i],0,0,0);
  87   3        delay_ms(500);
  88   3        
  89   3      }
  90   2      
  91   2      
  92   2       for(i=0;i<8;i++)
  93   2      {
  94   3        hc595_write_date( 0 ,ghc595_buf[i],0,0);
  95   3        delay_ms(500);
  96   3        
  97   3      }
  98   2      }
  99   1      
 100   1      
 101   1      
 102   1      }
 103          
 104          


MODULE INFORMATION:   STATIC OVERLAYABLE
   CODE SIZE        =    277    ----
   CONSTANT SIZE    =   ----    ----
   XDATA SIZE       =   ----    ----
   PDATA SIZE       =   ----    ----
   DATA SIZE        =     16       5
   IDATA SIZE       =   ----    ----
   BIT SIZE         =   ----    ----
END OF MODULE INFORMATION.

C51 COMPILER V9.54   MAIN                                                                  02/16/2024 20:23:31 PAGE 3   


C51 COMPILATION COMPLETE.  0 WARNING(S),  0 ERROR(S)
