C51 COMPILER V9.54   MAIN                                                                  03/08/2024 21:53:53 PAGE 1   


C51 COMPILER V9.54, COMPILATION OF MODULE MAIN
OBJECT MODULE PLACED IN .\Objects\main.obj
COMPILER INVOKED BY: D:\KEIL5\C51\BIN\C51.EXE main.c OPTIMIZE(8,SPEED) BROWSE DEBUG OBJECTEXTEND PRINT(.\Listings\main.l
                    -st) TABS(2) OBJECT(.\Objects\main.obj)

line level    source

   1          #include "reg52.h"//引入头文2件
   2              typedef  unsigned int u16;//将函数名称简洁
   3              typedef  unsigned  char u8;//将函数名称简洁
   4             
   5          
   6          sbit KEY3=P3^2;
   7          sbit LED1=P2^0;
   8          
   9          
  10          
  11          
  12          
  13          
  14          
  15          
  16          
  17          void delay_ms(u16 ms)
  18          {
  19   1        u16 i,j;
  20   1        for(i=ms;i>0;i--)
  21   1          for(j=110;j>0;j--);
  22   1      
  23   1      }
  24          
  25          
  26              
  27          void delay_10us(u16 ten_us)//引入延时函数
  28               
  29               {
  30   1             while(ten_us--);
  31   1           }
  32          void  exti0_int(void)  //外部中断0的初始化
  33          {
  34   1      IT0=1;//设置外部中断的触发方式
  35   1      EA=1;//打开总中断开关
  36   1      EX0=1;//开外部中断0
  37   1      
  38   1      //void  exti1_int(void)  //外部中断1的初始化
  39   1      //{
  40   1      //IT1=1;//设置外部中断的触发方式
  41   1      //EA=1;//打开总中断开关
  42   1      //EX1=1;//开外部中断0
  43   1      
  44   1      
  45   1      }    
  46               
  47               
  48               
  49               
  50               
  51          
  52          
  53          
  54          
C51 COMPILER V9.54   MAIN                                                                  03/08/2024 21:53:53 PAGE 2   

  55          void main()//关于c的函数
  56          {exti0_int();
  57   1      
  58   1        
  59   1      while(1)
  60   1      {
  61   2        
  62   2        //按键按下后返回
  63   2        
  64   2      }
  65   1         }
  66             
  67          void exti0() interrupt 0 
  68          {  delay_10us(1000);//消抖
  69   1      if(KEY3==0)
  70   1      {
  71   2      LED1=!LED1;
  72   2      }
  73   1      
  74   1      
  75   1      } 
  76          
  77          
  78          
  79          
  80          
  81          
  82          
  83          
  84          
  85          
  86          
  87          
  88          


MODULE INFORMATION:   STATIC OVERLAYABLE
   CODE SIZE        =     89    ----
   CONSTANT SIZE    =   ----    ----
   XDATA SIZE       =   ----    ----
   PDATA SIZE       =   ----    ----
   DATA SIZE        =   ----    ----
   IDATA SIZE       =   ----    ----
   BIT SIZE         =   ----    ----
END OF MODULE INFORMATION.


C51 COMPILATION COMPLETE.  0 WARNING(S),  0 ERROR(S)
