C51 COMPILER V9.54   IIC                                                                   04/22/2024 23:11:35 PAGE 1   


C51 COMPILER V9.54, COMPILATION OF MODULE IIC
OBJECT MODULE PLACED IN .\Objects\iic.obj
COMPILER INVOKED BY: D:\KEIL5\C51\BIN\C51.EXE aap\iic\iic.c OPTIMIZE(8,SPEED) BROWSE INCDIR(.\public;.\aap\key;.\aap\smg
                    -;.\aap\iic) DEBUG OBJECTEXTEND PRINT(.\Objects\iic.lst) TABS(2) OBJECT(.\Objects\iic.obj)

line level    source

   1          #include"iic.h"
*** WARNING C323 IN LINE 1 OF aap\iic\iic.h: newline expected, extra characters found
*** WARNING C315 IN LINE 2 OF aap\iic\iic.h: unknown #directive 'infine'
*** WARNING C323 IN LINE 1 OF .\public\public.h: newline expected, extra characters found
   2          //起始信号
   3          void icc_start(void)
   4          {
   5   1      IIC_SCL=1;
   6   1      IIC_SDA= 1 ;
   7   1      delay_10us(1);
   8   1      IIC_SDA=0;
   9   1        delay_10us(1);
  10   1      
  11   1        
  12   1      
  13   1      }
  14          //终止信号
  15          void iic_stop(void)
  16            
  17          {
  18   1      
  19   1      IIC_SCL=1;
  20   1      IIC_SDA= 0 ;
  21   1      delay_10us(1);
  22   1      IIC_SDA= 1 ;
  23   1      delay_10us(1);
  24   1      
  25   1      }
  26          //应答信号
  27          void iic_ack(void)
  28            
  29          {
  30   1      IIC_SCL=0;
  31   1      IIC_SDA= 0 ;
  32   1      delay_10us(1);
  33   1      IIC_SCL=1;
  34   1      delay_10us(1);
  35   1      IIC_SCL=0;
  36   1      
  37   1      }
  38          
  39          
  40          void iic_nack(void)
  41            
  42          {
  43   1      IIC_SCL=0;
  44   1      IIC_SDA= 1 ;
  45   1      delay_10us(1);
  46   1      IIC_SCL=1;
  47   1      delay_10us(1);
  48   1      IIC_SCL=0;
  49   1      
  50   1      }
  51          
C51 COMPILER V9.54   IIC                                                                   04/22/2024 23:11:35 PAGE 2   

  52          
  53          
  54          
  55          
  56          
  57          
  58          
  59          
  60          
  61          
  62          
  63          
  64          
  65          
  66          
  67          
  68          


MODULE INFORMATION:   STATIC OVERLAYABLE
   CODE SIZE        =     86    ----
   CONSTANT SIZE    =   ----    ----
   XDATA SIZE       =   ----    ----
   PDATA SIZE       =   ----    ----
   DATA SIZE        =   ----    ----
   IDATA SIZE       =   ----    ----
   BIT SIZE         =   ----    ----
END OF MODULE INFORMATION.


C51 COMPILATION COMPLETE.  3 WARNING(S),  0 ERROR(S)
