C51 COMPILER V9.54   MAIN                                                                  04/22/2024 22:54:56 PAGE 1   


C51 COMPILER V9.54, COMPILATION OF MODULE MAIN
OBJECT MODULE PLACED IN .\Objects\main.obj
COMPILER INVOKED BY: D:\KEIL5\C51\BIN\C51.EXE user\main.c OPTIMIZE(8,SPEED) BROWSE INCDIR(.\public;.\aap\key;.\aap\smg;.
                    -\aap\iic) DEBUG OBJECTEXTEND PRINT(.\Objects\main.lst) TABS(2) OBJECT(.\Objects\main.obj)

line level    source

   1          #include"public.h"
*** WARNING C323 IN LINE 1 OF .\public\public.h: newline expected, extra characters found
   2          #include"key.h"
*** WARNING C323 IN LINE 1 OF .\aap\key\key.h: newline expected, extra characters found
*** WARNING C323 IN LINE 1 OF .\public\public.h: newline expected, extra characters found
   3          #include"smg.h"
*** WARNING C323 IN LINE 1 OF .\aap\smg\smg.h: newline expected, extra characters found
*** WARNING C323 IN LINE 1 OF .\public\public.h: newline expected, extra characters found
   4          
   5          
   6          
   7          
   8          
   9          
  10          
  11          
  12          
  13          void main()
  14          {
  15   1        
  16   1        key_scan(0);
  17   1      while(1)
  18   1      {
  19   2      
  20   2      
  21   2      
  22   2      
  23   2      }
  24   1      
  25   1      
  26   1      
  27   1      }


MODULE INFORMATION:   STATIC OVERLAYABLE
   CODE SIZE        =      7    ----
   CONSTANT SIZE    =   ----    ----
   XDATA SIZE       =   ----    ----
   PDATA SIZE       =   ----    ----
   DATA SIZE        =   ----    ----
   IDATA SIZE       =   ----    ----
   BIT SIZE         =   ----    ----
END OF MODULE INFORMATION.


C51 COMPILATION COMPLETE.  5 WARNING(S),  0 ERROR(S)
