C51 COMPILER V9.54   MAIN                                                                  02/18/2024 21:01:55 PAGE 1   


C51 COMPILER V9.54, COMPILATION OF MODULE MAIN
OBJECT MODULE PLACED IN .\Objects\main.obj
COMPILER INVOKED BY: D:\KEIL5\C51\BIN\C51.EXE main.c OPTIMIZE(8,SPEED) BROWSE DEBUG OBJECTEXTEND PRINT(.\Listings\main.l
                    -st) TABS(2) OBJECT(.\Objects\main.obj)

line level    source

   1          #include "reg52.h"//引入头文2件
   2             typedef  unsigned int u16;//将函数名称简洁
   3             typedef  unsigned  char u8;//将函数名称简洁
   4             
   5              sbit SRCLK =P3^6; 
   6              sbit rCLK =P3^5; 
   7              sbit SER =P3^4; 
   8             
   9             
  10             
  11            #define LEDDZ_COL_PORT P0
  12          
  13          u8 gled_row[8]={0x38,0x7C,0x7E,0x3F,0x3F,0x7E,0x7C,0x38,
  14          };//led点阵显示图像的数据
  15          u8 gled_col[8]={0x7f,0xbf,0xdf,0xef,0xf7,0xfb,0xfd,0xfe};
  16          
  17          void delay_10us(u16 ten_us)//引入延时函数
  18               
  19               {
  20   1             while(ten_us--);
  21   1           }
  22          
  23               
  24               void hc595_write_date(u8 dat)//用dat而不用date是因为date已经被定义；
  25               {
  26   1             u16 i=0;
  27   1             for(i=0;i<8;i++)
  28   1             {SER=dat>>7;//让dat对应的1000 0000移位成0000 0001 即使最下面的串口为高电平    
  29   2               dat<<=1;//使次高位的0向左移一位；即0000 0001变为0000 0010以此类推
  30   2                   SRCLK=0;
  31   2               delay_10us(1);//消抖
  32   2               SRCLK=1;
  33   2               delay_10us(1);//消抖
  34   2            
  35   2      
  36   2             }
  37   1             rCLK=0;
  38   1             delay_10us(1);
  39   1              rCLK=1;
  40   1             delay_10us(1);
  41   1             
  42   1           } 
  43          
  44          void main()
  45          {
  46   1        u8 i=0;
  47   1             
  48   1      while(1)
  49   1        {for(i=0;i<8;i++)
  50   2          {LEDDZ_COL_PORT=gled_col[i];
  51   3          
  52   3          hc595_write_date(gled_row[i]);
  53   3          delay_10us(100);
  54   3            hc595_write_date(0x00);
C51 COMPILER V9.54   MAIN                                                                  02/18/2024 21:01:55 PAGE 2   

  55   3            
  56   3          }
  57   2          
  58   2          
  59   2          
  60   2      
  61   2          
  62   2      }
  63   1      
  64   1      
  65   1      
  66   1      
  67   1      
  68   1      }
  69          
  70          


MODULE INFORMATION:   STATIC OVERLAYABLE
   CODE SIZE        =    106    ----
   CONSTANT SIZE    =   ----    ----
   XDATA SIZE       =   ----    ----
   PDATA SIZE       =   ----    ----
   DATA SIZE        =     16    ----
   IDATA SIZE       =   ----    ----
   BIT SIZE         =   ----    ----
END OF MODULE INFORMATION.


C51 COMPILATION COMPLETE.  0 WARNING(S),  0 ERROR(S)
