C51 COMPILER V9.54   MAIN                                                                  01/28/2024 20:15:10 PAGE 1   


C51 COMPILER V9.54, COMPILATION OF MODULE MAIN
OBJECT MODULE PLACED IN .\Objects\main.obj
COMPILER INVOKED BY: D:\KEIL5\C51\BIN\C51.EXE main.c OPTIMIZE(8,SPEED) BROWSE DEBUG OBJECTEXTEND PRINT(.\Listings\main.l
                    -st) TABS(2) OBJECT(.\Objects\main.obj)

line level    source

   1          #include "reg52.h"//引入头文2件
   2             typedef  unsigned int u16;//将函数名称简洁
   3             typedef  unsigned  char u8;//将函数名称简洁
   4            #define KEY_MATRIX_PORT P1
   5          
   6          #define  SMG_A_DP_PORT P0
   7            u8 gsmg_code[17]={0x3f, 0x06,0x5b, 0x4f, 0x66,0x6d, 0x7d, 0x07,0X6f ,0x7f,0X6f,0x77,0x7c,0x39,0x5e,0x79,0
             -x71,};//数码管0-f
   8          
   9          
  10          
  11          void delay_10us(u16 ten_us)//引入延时函数
  12               
  13               {
  14   1             while(ten_us--);
  15   1           }
  16            
  17          u8 key_matrix_ranks_scan(void)
  18          {u8 key_value=0;
  19   1        
  20   1        
  21   1          KEY_MATRIX_PORT=0xf7;//第一列为低电平
  22   1      if( KEY_MATRIX_PORT!=0xf7)
  23   1      {
  24   2      delay_10us(1000);//延时消抖
  25   2      switch(KEY_MATRIX_PORT)
  26   2      {
  27   3        case 0x77:key_value=1;break;
  28   3      case 0xb7:key_value=5;break;
  29   3      case 0xd7:key_value=9;break;
  30   3      case 0xe7:key_value=13;break;
  31   3      }
  32   2      }
  33   1        while(KEY_MATRIX_PORT!=0xf7);//等待按键松开
  34   1        
  35   1      
  36   1          KEY_MATRIX_PORT=0xfb;//第二列为低电平
  37   1      if( KEY_MATRIX_PORT!=0xfb)
  38   1      {
  39   2      delay_10us(1000);//延时消抖
  40   2      switch(KEY_MATRIX_PORT)
  41   2      {case 0x7b:key_value=2;break;
  42   3      case 0xbb:key_value=6;break;
  43   3      case 0xdb:key_value=10;break;
  44   3      case 0xeb:key_value=14;break;
  45   3      }
  46   2      }
  47   1      while(KEY_MATRIX_PORT!=0xfb);//等待按键松开
  48   1      
  49   1      
  50   1          KEY_MATRIX_PORT=0xfd;//第三列为低电平
  51   1      if( KEY_MATRIX_PORT!=0xfd)
  52   1      {
  53   2      delay_10us(1000);//延时消抖
C51 COMPILER V9.54   MAIN                                                                  01/28/2024 20:15:10 PAGE 2   

  54   2      switch(KEY_MATRIX_PORT)
  55   2      {case 0x7d:key_value=3;break;
  56   3      case 0xbd:key_value=7;break;
  57   3      case 0xdd:key_value=11;break;
  58   3      case 0xed:key_value=15;break;
  59   3      }
  60   2      }
  61   1      while(KEY_MATRIX_PORT!=0xfd);//等待按键松开
  62   1      
  63   1      
  64   1          KEY_MATRIX_PORT=0xfe;//第四列为低电平
  65   1      if( KEY_MATRIX_PORT!=0xfe)
  66   1      {
  67   2      delay_10us(1000);//延时消抖
  68   2      switch(KEY_MATRIX_PORT)
  69   2      {case 0x7e:key_value=4;break;
  70   3      case 0xbe:key_value=8;break;
  71   3      case 0xde:key_value=12;break;
  72   3      case 0xee:key_value=16;break;
  73   3      }
  74   2      }
  75   1         while(KEY_MATRIX_PORT!=0xfe);//等待按键松开
  76   1      
  77   1      return key_value;
  78   1      }
  79          
  80          
  81          
  82          
  83          void main()
  84          
  85          {
  86   1        u8 key=0;
  87   1      
  88   1      while(1)
  89   1      {
  90   2      key=key_matrix_ranks_scan();
  91   2        
  92   2        if (key!=0)
  93   2        {
  94   3       SMG_A_DP_PORT =gsmg_code[key];
  95   3         
  96   3        }
  97   2      }
  98   1      
  99   1      }
 100          
 101          
 102          


MODULE INFORMATION:   STATIC OVERLAYABLE
   CODE SIZE        =    253    ----
   CONSTANT SIZE    =   ----    ----
   XDATA SIZE       =   ----    ----
   PDATA SIZE       =   ----    ----
   DATA SIZE        =     17       1
   IDATA SIZE       =   ----    ----
   BIT SIZE         =   ----    ----
END OF MODULE INFORMATION.


C51 COMPILATION COMPLETE.  0 WARNING(S),  0 ERROR(S)
