C51 COMPILER V9.54   MAIN                                                                  02/21/2024 21:02:45 PAGE 1   


C51 COMPILER V9.54, COMPILATION OF MODULE MAIN
OBJECT MODULE PLACED IN .\Objects\main.obj
COMPILER INVOKED BY: D:\KEIL5\C51\BIN\C51.EXE main.c OPTIMIZE(8,SPEED) BROWSE DEBUG OBJECTEXTEND PRINT(.\Listings\main.l
                    -st) TABS(2) OBJECT(.\Objects\main.obj)

line level    source

   1          #include "reg52.h"//引入头文2件
   2             typedef  unsigned int u16;//将函数名称简洁
   3             typedef  unsigned  char u8;//将函数名称简洁
   4             
   5              sbit dc_motor=P1^0;
   6             
   7          
   8            
   9           
  10          void delay_10us(u16 ten_us)//引入延时函数
  11               
  12               {
  13   1             while(ten_us--);
  14   1           }
  15          void delay_ms(u16 ms)
  16          {
  17   1        u16 i,j;
  18   1      for(i=ms;i>0;i--)
  19   1         for(j=110;j>0;j--);
  20   1      }
  21          void main()
  22          {
  23   1        
  24   1      while(1)
  25   1        {
  26   2      
  27   2      dc_motor=1;
  28   2        delay_ms(100);
  29   2        dc_motor=0;
  30   2       delay_ms(100);
  31   2        
  32   2      }
  33   1      
  34   1      }
  35          
  36          
  37          


MODULE INFORMATION:   STATIC OVERLAYABLE
   CODE SIZE        =     61    ----
   CONSTANT SIZE    =   ----    ----
   XDATA SIZE       =   ----    ----
   PDATA SIZE       =   ----    ----
   DATA SIZE        =   ----    ----
   IDATA SIZE       =   ----    ----
   BIT SIZE         =   ----    ----
END OF MODULE INFORMATION.


C51 COMPILATION COMPLETE.  0 WARNING(S),  0 ERROR(S)
