C51 COMPILER V9.54   MAIN                                                                  01/19/2024 22:36:53 PAGE 1   


C51 COMPILER V9.54, COMPILATION OF MODULE MAIN
OBJECT MODULE PLACED IN .\Objects\main.obj
COMPILER INVOKED BY: D:\KEIL5\C51\BIN\C51.EXE main.c OPTIMIZE(8,SPEED) BROWSE DEBUG OBJECTEXTEND PRINT(.\Listings\main.l
                    -st) TABS(2) OBJECT(.\Objects\main.obj)

line level    source

   1          #include "reg52.h"//引入头文件
   2          typedef  unsigned  char u8;//将函数名称简洁
   3             typedef  unsigned int u16;//将函数名称简洁
   4             
   5             
   6             sbit LED1=P2^0;
   7             sbit LED2=P2^1;
   8             sbit LED3=P2^2;
   9             sbit LED4=P2^3;
  10             sbit LED5=P2^4;
  11             sbit LED6=P2^5;
  12             sbit LED7=P2^6;
  13             sbit LED8=P2^7;
  14            
  15             
  16             
  17             
  18             
  19             
  20             
  21             
  22             
  23             
  24             void delay_10us(u16 ten_us)//当传入ten_us=1时，大概延时10us
  25             {
  26   1         
  27   1           while(ten_us--);
  28   1           
  29   1           
  30   1           
  31   1           
  32   1           
  33   1         }
  34             
  35             
  36          
  37          
  38          
  39          void main()
  40          {
  41   1       
  42   1      
  43   1        
  44   1        while(1)
  45   1        
  46   1        {
  47   2        
  48   2         LED1=0;//点亮
  49   2         delay_10us(50000);//大概延时450毫秒
  50   2         LED1=1;//sbit LED1=P2^0;熄灭
  51   2         delay_10us(50000);//大概延时450毫秒
  52   2          LED2=0;//点亮
  53   2         delay_10us(50000);//大概延时450毫秒
  54   2         LED2=1;//sbit LED1=P2^0;熄灭
C51 COMPILER V9.54   MAIN                                                                  01/19/2024 22:36:53 PAGE 2   

  55   2         delay_10us(50000);//大概延时450毫秒
  56   2          LED3=0;//点亮
  57   2         delay_10us(50000);//大概延时450毫秒
  58   2         LED3=1;//sbit LED1=P2^0;熄灭
  59   2         delay_10us(50000);//大概延时450毫秒
  60   2          LED4=0;//点亮
  61   2         delay_10us(50000);//大概延时450毫秒
  62   2         LED4=1;//sbit LED1=P2^0;熄灭
  63   2         delay_10us(50000);//大概延时450毫秒
  64   2          LED5=0;//点亮
  65   2         delay_10us(50000);//大概延时450毫秒
  66   2         LED5=1;//sbit LED1=P2^0;熄灭
  67   2         delay_10us(50000);//大概延时450毫秒
  68   2          LED6=0;//点亮
  69   2         delay_10us(50000);//大概延时450毫秒
  70   2         LED6=1;//sbit LED1=P2^0;熄灭
  71   2         delay_10us(50000);//大概延时450毫秒
  72   2          LED7=0;//点亮
  73   2         delay_10us(50000);//大概延时450毫秒
  74   2         LED7=1;//sbit LED1=P2^0;熄灭
  75   2         delay_10us(50000);//大概延时450毫秒
  76   2          LED8=0;//点亮
  77   2         delay_10us(50000);//大概延时450毫秒
  78   2         LED8=1;//sbit LED1=P2^0;熄灭
  79   2         delay_10us(50000);//大概延时450毫秒
  80   2          
  81   2          
  82   2          
  83   2          
  84   2          
  85   2          
  86   2        }
  87   1        
  88   1        
  89   1      }


MODULE INFORMATION:   STATIC OVERLAYABLE
   CODE SIZE        =     98    ----
   CONSTANT SIZE    =   ----    ----
   XDATA SIZE       =   ----    ----
   PDATA SIZE       =   ----    ----
   DATA SIZE        =   ----    ----
   IDATA SIZE       =   ----    ----
   BIT SIZE         =   ----    ----
END OF MODULE INFORMATION.


C51 COMPILATION COMPLETE.  0 WARNING(S),  0 ERROR(S)
