C51 COMPILER V9.54   MAIN                                                                  03/03/2024 15:05:13 PAGE 1   


C51 COMPILER V9.54, COMPILATION OF MODULE MAIN
OBJECT MODULE PLACED IN .\Objects\main.obj
COMPILER INVOKED BY: D:\KEIL5\C51\BIN\C51.EXE main.c OPTIMIZE(8,SPEED) BROWSE DEBUG OBJECTEXTEND PRINT(.\Listings\main.l
                    -st) TABS(2) OBJECT(.\Objects\main.obj)

line level    source

   1          #include "reg52.h"//引入头文2件
   2             typedef  unsigned int u16;//将函数名称简洁
   3            
   4          typedef  unsigned  char u8;//将函数名称简洁
   5          sbit KEY1=P3^1;
   6          sbit KEY2=P3^0;
   7          sbit KEY3=P3^2;
   8          sbit KEY4=P3^3;
   9          sbit LED1=P2^0;
  10          sbit LED2=P2^1;
  11          sbit LED3=P2^2;
  12          sbit LED4=P2^3;
  13          
  14          
  15          #define KEY1_PRESS 1
  16          #define KEY2_PRESS 2
  17          #define KEY3_PRESS 3
  18          #define KEY4_PRESS 4
  19          #define KEY_UNPRESS 0
  20          
  21          
  22          
  23          
  24          
  25          void delay_10us(u16 ten_us)//引入延时函数
  26               
  27               {
  28   1             while(ten_us--);
  29   1           }
  30               
  31          u8   key_scan(u8 mode)   
  32            {
  33   1          static u8 key =1;
  34   1        if(mode) key=1;
  35   1          
  36   1          
  37   1          
  38   1          
  39   1          if(key==1&&(  KEY1==0||KEY2==0||KEY3==0||KEY4==0))
  40   1          {
  41   2            delay_10us(10000);//消抖处理
  42   2            key=0;
  43   2            
  44   2            if (KEY1==0)
  45   2            return KEY1_PRESS ;
  46   2            
  47   2            else if (KEY2==0)
  48   2            return KEY2_PRESS ;
  49   2            
  50   2            else if (KEY3==0)
  51   2            return KEY3_PRESS ;
  52   2            
  53   2            
  54   2            else if (KEY4==0)
C51 COMPILER V9.54   MAIN                                                                  03/03/2024 15:05:13 PAGE 2   

  55   2            return KEY4_PRESS ;
  56   2            
  57   2            
  58   2          }
  59   1          
  60   1          else if (KEY1==0&&KEY2==0&&KEY3==0&&KEY4==0)
  61   1            
  62   1          {
  63   2            key=1;
  64   2          
  65   2      
  66   2          }
  67   1          
  68   1              return KEY_UNPRESS;
  69   1          
  70   1        }
  71             
  72             
  73          
  74          
  75          
  76          void main()//关于c的函数
  77          {
  78   1      
  79   1        u8 key=0;
  80   1      while(1)
  81   1      {
  82   2       key=key_scan(1);
  83   2        if(key==KEY1_PRESS)
  84   2        LED1=~(LED1);
  85   2      if(key==KEY2_PRESS)
  86   2        LED2=~(LED2);
  87   2      if(key==KEY3_PRESS)
  88   2        LED3=~(LED3);
  89   2      if(key==KEY4_PRESS)
  90   2        LED4=~(LED4);
  91   2      
  92   2      
  93   2      
  94   2      
  95   2      }
  96   1         }
  97             
  98          
  99            


MODULE INFORMATION:   STATIC OVERLAYABLE
   CODE SIZE        =    114    ----
   CONSTANT SIZE    =   ----    ----
   XDATA SIZE       =   ----    ----
   PDATA SIZE       =   ----    ----
   DATA SIZE        =      1    ----
   IDATA SIZE       =   ----    ----
   BIT SIZE         =   ----    ----
END OF MODULE INFORMATION.


C51 COMPILATION COMPLETE.  0 WARNING(S),  0 ERROR(S)
