C51 COMPILER V9.54   MAIN                                                                  01/28/2024 21:36:29 PAGE 1   


C51 COMPILER V9.54, COMPILATION OF MODULE MAIN
OBJECT MODULE PLACED IN .\Objects\main.obj
COMPILER INVOKED BY: D:\KEIL5\C51\BIN\C51.EXE main.c OPTIMIZE(8,SPEED) BROWSE DEBUG OBJECTEXTEND PRINT(.\Listings\main.l
                    -st) TABS(2) OBJECT(.\Objects\main.obj)

line level    source

   1          #include "reg52.h"//引入头文2件
   2             typedef  unsigned int u16;//将函数名称简洁
   3             typedef  unsigned  char u8;//将函数名称简洁
   4            #define KEY_MATRIX_PORT P1
   5          
   6          #define  SMG_A_DP_PORT P0
   7            u8 gsmg_code[17]={0x3f, 0x06,0x5b, 0x4f, 0x66,0x6d, 0x7d, 0x07,0X6f ,0x7f,0X6f,0x77,0x7c,0x39,0x5e,0x79,0
             -x71,};//数码管0-f
   8          
   9          
  10          
  11          void delay_10us(u16 ten_us)//引入延时函数
  12               
  13               {
  14   1             while(ten_us--);
  15   1           }
  16            
  17          u8 key_matrix_flip_scan(void)
  18          {  static u8   key_value=0;
  19   1        
  20   1        
  21   1          KEY_MATRIX_PORT=0x0f;
  22   1      if( KEY_MATRIX_PORT!=0x0f)
  23   1      {
  24   2        
  25   2        if( KEY_MATRIX_PORT!=0x0f)
  26   2        {
  27   3      delay_10us(1000);//延时消抖
  28   3      switch(KEY_MATRIX_PORT)
  29   3      {//扫描列
  30   4        case 0x07:key_value=1;break;
  31   4      case 0x0b:key_value=2;break;
  32   4      case 0x0d:key_value=3;break;
  33   4      case 0x0e:key_value=4;break;
  34   4      }
  35   3      //扫描行
  36   3          KEY_MATRIX_PORT=0xf0;
  37   3      switch(KEY_MATRIX_PORT)
  38   3      {case 0x70:key_value=key_value;break;
  39   4      case 0xb0:key_value=key_value+4;break;
  40   4      case 0xd0:key_value=key_value+8;break;
  41   4      case 0xe0:key_value=key_value+12;break;
  42   4      }
  43   3      while(KEY_MATRIX_PORT!=0xf0);
  44   3      }
  45   2      
  46   2      }
  47   1      else 
  48   1        key_value=0;
  49   1      return key_value;
  50   1      }
  51          
  52          
  53          
C51 COMPILER V9.54   MAIN                                                                  01/28/2024 21:36:29 PAGE 2   

  54          
  55          void main()
  56          
  57          {
  58   1        u8 key=0;
  59   1      
  60   1      while(1)
  61   1      {
  62   2      key=key_matrix_flip_scan();
  63   2        
  64   2        if (key!=0)
  65   2        {
  66   3       SMG_A_DP_PORT =gsmg_code[key];
  67   3         
  68   3        }
  69   2      }
  70   1      
  71   1      }
  72          
  73          
  74          


MODULE INFORMATION:   STATIC OVERLAYABLE
   CODE SIZE        =    140    ----
   CONSTANT SIZE    =   ----    ----
   XDATA SIZE       =   ----    ----
   PDATA SIZE       =   ----    ----
   DATA SIZE        =     18    ----
   IDATA SIZE       =   ----    ----
   BIT SIZE         =   ----    ----
END OF MODULE INFORMATION.


C51 COMPILATION COMPLETE.  0 WARNING(S),  0 ERROR(S)
