C51 COMPILER V9.54   MAIN                                                                  04/02/2024 21:58:08 PAGE 1   


C51 COMPILER V9.54, COMPILATION OF MODULE MAIN
OBJECT MODULE PLACED IN .\Objects\main.obj
COMPILER INVOKED BY: D:\KEIL5\C51\BIN\C51.EXE main.c OPTIMIZE(8,SPEED) BROWSE DEBUG OBJECTEXTEND PRINT(.\Listings\main.l
                    -st) TABS(2) OBJECT(.\Objects\main.obj)

line level    source

   1          #include "reg52.h"//引入头文2件
   2              typedef  unsigned int u16;//将函数名称简洁
   3              typedef  unsigned  char u8;//将函数名称简洁
   4             
   5          
   6          sbit KEY3=P3^2;
   7          sbit LED1=P2^0;
   8          
   9          
  10          
  11          
  12          
  13          
  14          
  15          
  16          
  17          void delay_ms(u16 ms)
  18          {
  19   1        u16 i,j;
  20   1        for(i=ms;i>0;i--)
  21   1          for(j=110;j>0;j--);
  22   1      
  23   1      }
  24          
  25          void time0_inte(void)
  26          {
  27   1        TMOD|=0x01;
  28   1        TH0=0xFC;
  29   1        ET0=1;
  30   1        EA=1;
  31   1        TR0=1;
  32   1        
  33   1      
  34   1      
  35   1      
  36   1      
  37   1      }
  38               
  39               
  40               
  41          
  42          
  43          
  44          
  45          void main()//关于c的函数
  46          {
  47   1      time0_inte();
  48   1        
  49   1      while(1)
  50   1      {
  51   2        
  52   2      
  53   2        
  54   2      }
C51 COMPILER V9.54   MAIN                                                                  04/02/2024 21:58:08 PAGE 2   

  55   1         
  56   1      
  57   1      }
  58          
  59          
  60            void time() interrupt 1//中断
  61          
  62          {static u16 i=0;
  63   1      
  64   1        
  65   1        
  66   1        
  67   1        
  68   1      TMOD|=0x01;
  69   1        TH0=0xFC;
  70   1      
  71   1      i++;
  72   1      if(i==1000)//定时一秒钟
  73   1      {
  74   2      i=0;
  75   2        LED1=!LED1;
  76   2      
  77   2      
  78   2      
  79   2      }
  80   1      
  81   1      
  82   1      }
  83          
  84          
  85          
  86          
  87          
  88          
  89          
  90          
  91          
  92          
  93          


MODULE INFORMATION:   STATIC OVERLAYABLE
   CODE SIZE        =     87    ----
   CONSTANT SIZE    =   ----    ----
   XDATA SIZE       =   ----    ----
   PDATA SIZE       =   ----    ----
   DATA SIZE        =      2    ----
   IDATA SIZE       =   ----    ----
   BIT SIZE         =   ----    ----
END OF MODULE INFORMATION.


C51 COMPILATION COMPLETE.  0 WARNING(S),  0 ERROR(S)
