C51 COMPILER V9.54   AT24C02                                                               06/27/2024 23:22:59 PAGE 1   


C51 COMPILER V9.54, COMPILATION OF MODULE AT24C02
OBJECT MODULE PLACED IN .\Objects\at24c02.obj
COMPILER INVOKED BY: D:\KEIL5\C51\BIN\C51.EXE aap\at24c02\at24c02.c OPTIMIZE(8,SPEED) BROWSE INCDIR(.\public;.\aap\key;.
                    -\aap\smg;.\aap\iic;.\aap\at24c02) DEBUG OBJECTEXTEND PRINT(.\Listings\at24c02.lst) TABS(2) OBJECT(.\Objects\at24c02.obj)

line level    source

   1          #include "at24c02.h"
   2          
   3          
   4          void at24c02_write_one_byte(u8 addr,u8 dat)
   5          {
   6   1      iic_start();
   7   1        
   8   1      iic_write_byte(0xa0);
   9   1      iic_wait_ack();
  10   1      iic_write_byte(addr);
  11   1      iic_wait_ack();
  12   1      iic_write_byte(dat);
  13   1      iic_wait_ack();
  14   1      
  15   1      iic_stop();
  16   1      delay_ms(10);
  17   1      
  18   1      
  19   1      }
  20          
  21          u8 at24c02_read_one_byte(u8 addr)
  22          {
  23   1        u8 temp=0;
  24   1        iic_start();
  25   1        
  26   1      iic_write_byte(0xa0);
  27   1      iic_wait_ack();
  28   1      iic_write_byte(addr);
  29   1      iic_wait_ack();
  30   1            iic_start();
  31   1      iic_write_byte(0xa1);
  32   1      iic_wait_ack();
  33   1      temp=iic_read_byte(0);
  34   1      iic_stop();
  35   1      return temp;
  36   1      }
  37            
  38            
  39            
  40            
  41            
  42            
  43            
  44          
  45          
  46          
  47          
  48          
  49          
  50          
  51          
  52          
  53          
  54          
C51 COMPILER V9.54   AT24C02                                                               06/27/2024 23:22:59 PAGE 2   

  55          
  56          
  57          


MODULE INFORMATION:   STATIC OVERLAYABLE
   CODE SIZE        =     89    ----
   CONSTANT SIZE    =   ----    ----
   XDATA SIZE       =   ----    ----
   PDATA SIZE       =   ----    ----
   DATA SIZE        =   ----       4
   IDATA SIZE       =   ----    ----
   BIT SIZE         =   ----    ----
END OF MODULE INFORMATION.


C51 COMPILATION COMPLETE.  0 WARNING(S),  0 ERROR(S)
