C51 COMPILER V9.54   IIC                                                                   06/27/2024 23:22:59 PAGE 1   


C51 COMPILER V9.54, COMPILATION OF MODULE IIC
OBJECT MODULE PLACED IN .\Objects\iic.obj
COMPILER INVOKED BY: D:\KEIL5\C51\BIN\C51.EXE aap\iic\iic.c OPTIMIZE(8,SPEED) BROWSE INCDIR(.\public;.\aap\key;.\aap\smg
                    -;.\aap\iic;.\aap\at24c02) DEBUG OBJECTEXTEND PRINT(.\Listings\iic.lst) TABS(2) OBJECT(.\Objects\iic.obj)

line level    source

   1          #include "iic.h"
   2          //起始信号
   3          void iic_start(void)
   4          {
   5   1      IIC_SCL=1;
   6   1      IIC_SDA= 1 ;
   7   1      delay_10us(1);
   8   1      IIC_SDA=0;
   9   1        delay_10us(1);
  10   1      
  11   1        
  12   1      
  13   1      }
  14          //终止信号
  15          void iic_stop(void)
  16            
  17          {
  18   1      
  19   1      IIC_SCL=1;
  20   1      IIC_SDA= 0 ;
  21   1      delay_10us(1);
  22   1      IIC_SDA= 1 ;
  23   1      delay_10us(1);
  24   1      
  25   1      }
  26          //应答信号
  27          void iic_ack(void)
  28            
  29          {
  30   1      IIC_SCL=0;
  31   1      IIC_SDA= 0 ;
  32   1      delay_10us(1);
  33   1      IIC_SCL=1;
  34   1      delay_10us(1);
  35   1      IIC_SCL=0;
  36   1      
  37   1      }
  38          
  39          
  40          void iic_nack(void)
  41            
  42          {
  43   1      IIC_SCL=0;
  44   1      IIC_SDA= 1 ;
  45   1      delay_10us(1);
  46   1      IIC_SCL=1;
  47   1      delay_10us(1);
  48   1      IIC_SCL=0;
  49   1      
  50   1      }
  51          
  52          
  53          u8 iic_wait_ack(void)
  54          {
C51 COMPILER V9.54   IIC                                                                   06/27/2024 23:22:59 PAGE 2   

  55   1        u8 time_time=0;
  56   1        
  57   1      IIC_SCL = 0;
  58   1      delay_10us(1);
  59   1      
  60   1      while(IIC_SDA)
  61   1      {
  62   2      
  63   2      time_time++;
  64   2        if(time_time>=100)
  65   2        {
  66   3        iic_stop();
  67   3          return 1;
  68   3        
  69   3        
  70   3        }
  71   2      
  72   2      }
  73   1      IIC_SCL = 0;
  74   1        return 0;
  75   1      }
  76          
  77          
  78          void iic_write_byte(u8 dat)
  79          {
  80   1      u8 i=0;
  81   1        IIC_SCL = 0;
  82   1      for(i=0;i<8;i++)//8次将dat的8位都移一位
  83   1      
  84   1      {
  85   2      
  86   2      if((dat&0x80)>0)//1000 0000最高位传输
  87   2      IIC_SDA=1;
  88   2      
  89   2      else 
  90   2      IIC_SDA=0;
  91   2      dat<<=1;//将次高位移到最高位，进行传输
  92   2      IIC_SCL = 1;//高电平稳定
  93   2      delay_10us(1);
  94   2      IIC_SCL = 0;
  95   2      delay_10us(1);
  96   2      }
  97   1      
  98   1      }
  99          
 100          
 101          u8 iic_read_byte(u8 ack)
 102          {
 103   1      
 104   1      u8 i=0;
 105   1      
 106   1      u8 receive=0;
 107   1      
 108   1      for(i=0;i<8;i++)
 109   1      
 110   1      {
 111   2      IIC_SCL = 0;
 112   2      delay_10us(1);
 113   2      
 114   2      IIC_SCL = 1;
 115   2      delay_10us(1);
 116   2      receive<<=1;
C51 COMPILER V9.54   IIC                                                                   06/27/2024 23:22:59 PAGE 3   

 117   2      if(IIC_SDA)receive++;
 118   2      
 119   2      }
 120   1      if(!ack)iic_nack();
 121   1      else iic_ack();
 122   1      
 123   1      return receive;
 124   1      
 125   1      }
 126          
 127          
 128          
 129          
 130          
 131          
 132          
 133          
 134          
 135          
 136          
 137          
 138          
 139          
 140          
 141          
 142          


MODULE INFORMATION:   STATIC OVERLAYABLE
   CODE SIZE        =    240    ----
   CONSTANT SIZE    =   ----    ----
   XDATA SIZE       =   ----    ----
   PDATA SIZE       =   ----    ----
   DATA SIZE        =   ----       6
   IDATA SIZE       =   ----    ----
   BIT SIZE         =   ----    ----
END OF MODULE INFORMATION.


C51 COMPILATION COMPLETE.  0 WARNING(S),  0 ERROR(S)
