C51 COMPILER V9.54   KEY                                                                   06/27/2024 23:22:59 PAGE 1   


C51 COMPILER V9.54, COMPILATION OF MODULE KEY
OBJECT MODULE PLACED IN .\Objects\key.obj
COMPILER INVOKED BY: D:\KEIL5\C51\BIN\C51.EXE aap\key\key.c OPTIMIZE(8,SPEED) BROWSE INCDIR(.\public;.\aap\key;.\aap\smg
                    -;.\aap\iic;.\aap\at24c02) DEBUG OBJECTEXTEND PRINT(.\Listings\key.lst) TABS(2) OBJECT(.\Objects\key.obj)

line level    source

   1          #include"key.h"
   2          
   3          
   4          
   5          
   6          
   7          
   8          
   9               
  10          u8   key_scan(u8 mode)   
  11            {
  12   1          static u8 key =1;
  13   1        if(mode) key=1;
  14   1          
  15   1          
  16   1          
  17   1          
  18   1          if(key==1&&(  KEY1==0||KEY2==0||KEY3==0||KEY4==0))
  19   1          {
  20   2            delay_10us(10000);//消抖处理
  21   2            key=0;
  22   2            
  23   2            if (KEY1==0)
  24   2            return KEY1_PRESS ;
  25   2            
  26   2            else if (KEY2==0)
  27   2            return KEY2_PRESS ;
  28   2            
  29   2            else if (KEY3==0)
  30   2            return KEY3_PRESS ;
  31   2            
  32   2            
  33   2            else if (KEY4==0)
  34   2            return KEY4_PRESS ;
  35   2            
  36   2            
  37   2          }
  38   1          
  39   1          else if (KEY1==0&&KEY2==0&&KEY3==0&&KEY4==0)
  40   1            
  41   1          {
  42   2            key=1;
  43   2          
  44   2      
  45   2          }
  46   1          
  47   1              return KEY_UNPRESS;
  48   1          
  49   1        }
  50             
  51          
  52          
  53          
  54          
C51 COMPILER V9.54   KEY                                                                   06/27/2024 23:22:59 PAGE 2   

  55          
  56          
  57          
  58          
  59          
  60          


MODULE INFORMATION:   STATIC OVERLAYABLE
   CODE SIZE        =     76    ----
   CONSTANT SIZE    =   ----    ----
   XDATA SIZE       =   ----    ----
   PDATA SIZE       =   ----    ----
   DATA SIZE        =      1    ----
   IDATA SIZE       =   ----    ----
   BIT SIZE         =   ----    ----
END OF MODULE INFORMATION.


C51 COMPILATION COMPLETE.  0 WARNING(S),  0 ERROR(S)
