C51 COMPILER V9.54   MAIN                                                                  06/27/2024 23:23:01 PAGE 1   


C51 COMPILER V9.54, COMPILATION OF MODULE MAIN
OBJECT MODULE PLACED IN .\Objects\main.obj
COMPILER INVOKED BY: D:\KEIL5\C51\BIN\C51.EXE user\main.c OPTIMIZE(8,SPEED) BROWSE INCDIR(.\public;.\aap\key;.\aap\smg;.
                    -\aap\iic;.\aap\at24c02) DEBUG OBJECTEXTEND PRINT(.\Listings\main.lst) TABS(2) OBJECT(.\Objects\main.obj)

line level    source

   1          #include "public.h"
   2          #include "key.h"
   3          #include "smg.h"
   4          #include "at24c02.h"
   5          #define EEPROM_ADDRESS 0
   6          
   7          
   8          
   9          
  10          
  11          
  12          
  13          void main()
  14          {
  15   1        u8 key_temp=0;
  16   1        u8 save_value=0;
  17   1        u8 save_buf[3];
  18   1        
  19   1      
  20   1      while(1)
  21   1      { 
  22   2        key_temp=key_scan(0);
  23   2        if(key_temp==KEY1_PRESS)
  24   2        {
  25   3        at24c02_write_one_byte(EEPROM_ADDRESS,save_value);
  26   3        }
  27   2      else if(key_temp==KEY2_PRESS)
  28   2      {
  29   3      save_value=at24c02_read_one_byte(EEPROM_ADDRESS);
  30   3      }
  31   2      else if(key_temp==KEY3_PRESS)
  32   2      {
  33   3      save_value++;
  34   3        if(save_value==225)
  35   3          save_value=225;
  36   3        
  37   3      }
  38   2      else if(key_temp==KEY4_PRESS)
  39   2      {
  40   3      save_value=0;
  41   3      }
  42   2      
  43   2      save_buf[0]=save_value/100;
  44   2      save_buf[1]=save_value%100/10;
  45   2      save_buf[2]=save_value%100%10;
  46   2      
  47   2      smg_display(save_buf,6);
  48   2      
  49   2      
  50   2      
  51   2      
  52   2      
  53   2      
  54   2      }
C51 COMPILER V9.54   MAIN                                                                  06/27/2024 23:23:01 PAGE 2   

  55   1      
  56   1      
  57   1      
  58   1      }


MODULE INFORMATION:   STATIC OVERLAYABLE
   CODE SIZE        =    109    ----
   CONSTANT SIZE    =   ----    ----
   XDATA SIZE       =   ----    ----
   PDATA SIZE       =   ----    ----
   DATA SIZE        =   ----       5
   IDATA SIZE       =   ----    ----
   BIT SIZE         =   ----    ----
END OF MODULE INFORMATION.


C51 COMPILATION COMPLETE.  0 WARNING(S),  0 ERROR(S)
