C51 COMPILER V9.54   PUBLIC                                                                06/27/2024 23:22:59 PAGE 1   


C51 COMPILER V9.54, COMPILATION OF MODULE PUBLIC
OBJECT MODULE PLACED IN .\Objects\public.obj
COMPILER INVOKED BY: D:\KEIL5\C51\BIN\C51.EXE public\public.c OPTIMIZE(8,SPEED) BROWSE INCDIR(.\public;.\aap\key;.\aap\s
                    -mg;.\aap\iic;.\aap\at24c02) DEBUG OBJECTEXTEND PRINT(.\Listings\public.lst) TABS(2) OBJECT(.\Objects\public.obj)

line level    source

   1          #include"public.h"
   2          
   3          
   4          
   5          
   6          
   7          void delay_10us(u16 ten_us)//引入延时函数
   8               
   9               {
  10   1             while(ten_us--);
  11   1           }
  12          
  13          
  14          void delay_ms(u16 ms)
  15          {
  16   1        u16 i,j;
  17   1        for(i=ms;i>0;i--)
  18   1          for(j=110;j>0;j--);
  19   1      
  20   1      }
  21          
  22          
  23          
  24          
  25          
  26          
  27          
  28          
  29          
  30          
  31          
  32          
  33          


MODULE INFORMATION:   STATIC OVERLAYABLE
   CODE SIZE        =     41    ----
   CONSTANT SIZE    =   ----    ----
   XDATA SIZE       =   ----    ----
   PDATA SIZE       =   ----    ----
   DATA SIZE        =   ----    ----
   IDATA SIZE       =   ----    ----
   BIT SIZE         =   ----    ----
END OF MODULE INFORMATION.


C51 COMPILATION COMPLETE.  0 WARNING(S),  0 ERROR(S)
