C51 COMPILER V9.54   MAIN                                                                  01/22/2024 23:28:35 PAGE 1   


C51 COMPILER V9.54, COMPILATION OF MODULE MAIN
OBJECT MODULE PLACED IN .\Objects\main.obj
COMPILER INVOKED BY: D:\KEIL5\C51\BIN\C51.EXE main.c OPTIMIZE(8,SPEED) BROWSE DEBUG OBJECTEXTEND PRINT(.\Listings\main.l
                    -st) TABS(2) OBJECT(.\Objects\main.obj)

line level    source

   1          #include "reg52.h"//引入头文2件
   2             typedef  unsigned int u16;//将函数名称简洁
   3            #define LED_PORT    P2//使用宏定义将p2口定义
   4          typedef  unsigned  char u8;//将函数名称简洁
   5          #define  SMG_A_DP_PORT P0
   6            u8 gsmg_code[17]={0x3f, 0x06,0x5b, 0x4f, 0x66,0x6d, 0x7d, 0x07,0X6f ,0x7f,0X6f,0x77,0x7c,0x39,0x5e,0x79,0
             -x71,};//数码管0-f
   7            
   8          void delay_10us(u16 ten_us)//引入延时函数
   9               
  10               {
  11   1             while(ten_us--);
  12   1           }
  13               
  14               
  15             
  16             
  17             
  18          
  19          
  20          
  21          void main()//关于c的函数
  22          {
  23   1      
  24   1        
  25   1      
  26   1       u8  i=0;
  27   1      
  28   1        
  29   1        while(1)
  30   1        
  31   1        {
  32   2        for(i=0;i<8;i++)
  33   2         {
  34   3         LED_PORT=~(0x01<<i);
  35   3         delay_10us(50000);
  36   3           i>8; break;
*** WARNING C275 IN LINE 36 OF main.c: expression with possibly no effect
  37   3           
  38   3         }
  39   2         
  40   2      
  41   2        
  42   2        
  43   2        SMG_A_DP_PORT=gsmg_code[0];
  44   2            delay_10us(50000);
  45   2      SMG_A_DP_PORT=gsmg_code[1];
  46   2      delay_10us(50000);
  47   2        
  48   2        
  49   2        
  50   2      SMG_A_DP_PORT=gsmg_code[2];
  51   2        delay_10us(50000);
  52   2        
C51 COMPILER V9.54   MAIN                                                                  01/22/2024 23:28:35 PAGE 2   

  53   2        
  54   2      SMG_A_DP_PORT=gsmg_code[3];
  55   2        delay_10us(50000);
  56   2        SMG_A_DP_PORT=gsmg_code[4];
  57   2            delay_10us(50000);
  58   2      SMG_A_DP_PORT=gsmg_code[5];
  59   2        delay_10us(50000);
  60   2        
  61   2        
  62   2        
  63   2      SMG_A_DP_PORT=gsmg_code[6];
  64   2        delay_10us(50000);
  65   2        
  66   2        
  67   2      SMG_A_DP_PORT=gsmg_code[7];
  68   2        delay_10us(50000);
  69   2        SMG_A_DP_PORT=gsmg_code[8];
  70   2            delay_10us(50000);
  71   2      SMG_A_DP_PORT=gsmg_code[9];
  72   2        delay_10us(50000);
  73   2        
  74   2        
  75   2        
  76   2      SMG_A_DP_PORT=gsmg_code[10];
  77   2        delay_10us(50000);
  78   2        
  79   2        
  80   2      SMG_A_DP_PORT=gsmg_code[11];
  81   2        delay_10us(50000);
  82   2        SMG_A_DP_PORT=gsmg_code[12];
  83   2            delay_10us(50000);
  84   2      SMG_A_DP_PORT=gsmg_code[13];
  85   2        delay_10us(50000);
  86   2        
  87   2        
  88   2        
  89   2      SMG_A_DP_PORT=gsmg_code[14];
  90   2        delay_10us(50000);
  91   2        
  92   2        
  93   2      SMG_A_DP_PORT=gsmg_code[15];
  94   2        delay_10us(50000);
  95   2        
  96   2          SMG_A_DP_PORT=gsmg_code[16];
  97   2        delay_10us(50000);
  98   2        
  99   2        
 100   2      SMG_A_DP_PORT=gsmg_code[17];
 101   2        delay_10us(50000);
 102   2        
 103   2      
 104   2          
 105   2          
 106   2          
 107   2          
 108   2      
 109   2        
 110   2      }
 111   1         
 112   1         }
 113               
 114              
C51 COMPILER V9.54   MAIN                                                                  01/22/2024 23:28:35 PAGE 3   

 115              
 116              
 117              
 118              
 119            
 120          
 121            
 122            
 123           
*** WARNING C294 IN LINE 38 OF main.c: unreachable code


MODULE INFORMATION:   STATIC OVERLAYABLE
   CODE SIZE        =    151    ----
   CONSTANT SIZE    =   ----    ----
   XDATA SIZE       =   ----    ----
   PDATA SIZE       =   ----    ----
   DATA SIZE        =     17    ----
   IDATA SIZE       =   ----    ----
   BIT SIZE         =   ----    ----
END OF MODULE INFORMATION.


C51 COMPILATION COMPLETE.  2 WARNING(S),  0 ERROR(S)
